nodep
<<<<<<< HEAD
<<<<<<< HEAD
zlib1g 
nodep
zlib1g 
zlib1g 
=======
nodep
nodep
nodep
nodep
nodep
nodep
nodep
nodep
nodep
nodep
nodep
nodep
nodep
nodep
nodep
nodep
nodep
nodep
nodep
nodep
nodep
nodep
nodep
nodep
nodep
nodep
nodep
nodep
nodep
nodep
nodep
nodep
nodep
nodep
nodep
nodep
nodep
nodep
nodep
nodep
nodep
nodep
nodep
nodep
nodep
nodep
nodep
nodep
nodep
nodep
nodep
nodep
nodep
nodep
nodep
nodep
nodep
nodep
nodep
nodep
nodep
nodep
nodep
nodep
nodep
nodep
nodep
nodep
nodep
nodep
nodep
nodep
>>>>>>> commit
nodep
nodep
nodep
nodep
nodep
nodep
nodep
nodep
nodep
nodep
nodep
nodep
nodep
nodep
nodep
nodep
nodep
nodep
nodep
nodep
nodep
nodep
nodep
=======
>>>>>>> commit
nodep
nodep
nodep
nodep
nodep
nodep
nodep
nodep
nodep
nodep
nodep
nodep
nodep
nodep
nodep
nodep
nodep
nodep
nodep
nodep
nodep
nodep
nodep
nodep
nodep
nodep
nodep
nodep
nodep
nodep
nodep
nodep
nodep
nodep
nodep
nodep
nodep
nodep
nodep
nodep
nodep
nodep
nodep
nodep
nodep
nodep
nodep
nodep
nodep
nodep
nodep
nodep
nodep
nodep
nodep
nodep
nodep
nodep
nodep
nodep
nodep
nodep
nodep
nodep
nodep
nodep
nodep
nodep
nodep
nodep
nodep
nodep
nodep
nodep
nodep
nodep
nodep
nodep
nodep
nodep
nodep
nodep
nodep
nodep
nodep
nodep
nodep
nodep
nodep
nodep
nodep
nodep
nodep
nodep
nodep
nodep
nodep
nodep
nodep
nodep
nodep
nodep
nodep
nodep
nodep
nodep
nodep
nodep
nodep
nodep
nodep
nodep
nodep
nodep
nodep
nodep
